  [1m[35m (79.1ms)[0m  [1m[35mCREATE DATABASE "CarsHub" ENCODING = 'unicode'[0m
  [1m[35m (10.5ms)[0m  [1m[35mCREATE DATABASE "CarsHub" ENCODING = 'unicode'[0m
  [1m[35m (5.5ms)[0m  [1m[34mSELECT pg_try_advisory_lock(3264606153349872555)[0m
  [1m[35m (11.5ms)[0m  [1m[34mSELECT "schema_migrations"."version" FROM "schema_migrations" ORDER BY "schema_migrations"."version" ASC[0m
Migrating to DeviseCreateUsers (20211211143922)
  [1m[36mTRANSACTION (0.2ms)[0m  [1m[35mBEGIN[0m
  [1m[35m (284.9ms)[0m  [1m[35mCREATE TABLE "users" ("id" bigserial primary key, "email" character varying DEFAULT '' NOT NULL, "encrypted_password" character varying DEFAULT '' NOT NULL, "reset_password_token" character varying, "reset_password_sent_at" timestamp, "remember_created_at" timestamp, "created_at" timestamp(6) NOT NULL, "updated_at" timestamp(6) NOT NULL)[0m
  [1m[36mTRANSACTION (0.6ms)[0m  [1m[31mROLLBACK[0m
  [1m[35m (0.6ms)[0m  [1m[34mSELECT pg_advisory_unlock(3264606153349872555)[0m
  [1m[35m (10.8ms)[0m  [1m[35mCREATE DATABASE "CarsHub" ENCODING = 'unicode'[0m
  [1m[35m (10.6ms)[0m  [1m[35mCREATE DATABASE "CarsHub" ENCODING = 'unicode'[0m
  [1m[35m (595.8ms)[0m  [1m[35mCREATE TABLE "schema_migrations" ("version" character varying NOT NULL PRIMARY KEY)[0m
  [1m[35m (335.5ms)[0m  [1m[35mCREATE TABLE "ar_internal_metadata" ("key" character varying NOT NULL PRIMARY KEY, "value" character varying, "created_at" timestamp(6) NOT NULL, "updated_at" timestamp(6) NOT NULL)[0m
  [1m[35m (0.3ms)[0m  [1m[34mSELECT pg_try_advisory_lock(3264606153349872555)[0m
  [1m[35m (73.0ms)[0m  [1m[34mSELECT "schema_migrations"."version" FROM "schema_migrations" ORDER BY "schema_migrations"."version" ASC[0m
Migrating to DeviseCreateUsers (20211211143922)
  [1m[36mTRANSACTION (0.2ms)[0m  [1m[35mBEGIN[0m
  [1m[35m (183.3ms)[0m  [1m[35mCREATE TABLE "users" ("id" bigserial primary key, "email" character varying DEFAULT '' NOT NULL, "encrypted_password" character varying DEFAULT '' NOT NULL, "reset_password_token" character varying, "reset_password_sent_at" timestamp, "remember_created_at" timestamp, "created_at" timestamp(6) NOT NULL, "updated_at" timestamp(6) NOT NULL)[0m
  [1m[35m (108.9ms)[0m  [1m[35mCREATE UNIQUE INDEX "index_users_on_email" ON "users" ("email")[0m
  [1m[35m (30.7ms)[0m  [1m[35mCREATE UNIQUE INDEX "index_users_on_reset_password_token" ON "users" ("reset_password_token")[0m
  [1m[36mActiveRecord::SchemaMigration Create (49.1ms)[0m  [1m[32mINSERT INTO "schema_migrations" ("version") VALUES ($1) RETURNING "version"[0m  [["version", "20211211143922"]]
  [1m[36mTRANSACTION (0.7ms)[0m  [1m[35mCOMMIT[0m
  [1m[36mActiveRecord::InternalMetadata Load (1.2ms)[0m  [1m[34mSELECT "ar_internal_metadata".* FROM "ar_internal_metadata" WHERE "ar_internal_metadata"."key" = $1 LIMIT $2[0m  [["key", "environment"], ["LIMIT", 1]]
  [1m[36mTRANSACTION (0.2ms)[0m  [1m[35mBEGIN[0m
  [1m[36mActiveRecord::InternalMetadata Create (15.6ms)[0m  [1m[32mINSERT INTO "ar_internal_metadata" ("key", "value", "created_at", "updated_at") VALUES ($1, $2, $3, $4) RETURNING "key"[0m  [["key", "environment"], ["value", "development"], ["created_at", "2021-12-11 14:42:55.910413"], ["updated_at", "2021-12-11 14:42:55.910413"]]
  [1m[36mTRANSACTION (0.6ms)[0m  [1m[35mCOMMIT[0m
  [1m[35m (0.3ms)[0m  [1m[34mSELECT pg_advisory_unlock(3264606153349872555)[0m
  [1m[35m (1.4ms)[0m  [1m[34mSELECT "schema_migrations"."version" FROM "schema_migrations" ORDER BY "schema_migrations"."version" ASC[0m
  [1m[35m (1.7ms)[0m  [1m[34mSELECT pg_try_advisory_lock(3264606153349872555)[0m
  [1m[35m (1.6ms)[0m  [1m[34mSELECT "schema_migrations"."version" FROM "schema_migrations" ORDER BY "schema_migrations"."version" ASC[0m
Migrating to CreateJwtDenylist (20211211144659)
  [1m[36mTRANSACTION (0.4ms)[0m  [1m[35mBEGIN[0m
  [1m[35m (193.7ms)[0m  [1m[35mCREATE TABLE "jwt_denylist" ("id" bigserial primary key, "jti" character varying NOT NULL, "exp" timestamp NOT NULL)[0m
  [1m[35m (56.2ms)[0m  [1m[35mCREATE INDEX "index_jwt_denylist_on_jti" ON "jwt_denylist" ("jti")[0m
  [1m[36mActiveRecord::SchemaMigration Create (0.6ms)[0m  [1m[32mINSERT INTO "schema_migrations" ("version") VALUES ($1) RETURNING "version"[0m  [["version", "20211211144659"]]
  [1m[36mTRANSACTION (4.1ms)[0m  [1m[35mCOMMIT[0m
  [1m[36mActiveRecord::InternalMetadata Load (2.0ms)[0m  [1m[34mSELECT "ar_internal_metadata".* FROM "ar_internal_metadata" WHERE "ar_internal_metadata"."key" = $1 LIMIT $2[0m  [["key", "environment"], ["LIMIT", 1]]
  [1m[35m (0.3ms)[0m  [1m[34mSELECT pg_advisory_unlock(3264606153349872555)[0m
  [1m[35m (1.5ms)[0m  [1m[34mSELECT "schema_migrations"."version" FROM "schema_migrations" ORDER BY "schema_migrations"."version" ASC[0m
Started GET "/" for ::1 at 2021-12-11 11:25:38 -0400
  [1m[35m (20.2ms)[0m  [1m[34mSELECT "schema_migrations"."version" FROM "schema_migrations" ORDER BY "schema_migrations"."version" ASC[0m
Processing by Rails::WelcomeController#index as HTML
  Rendering C:/Ruby30-x64/lib/ruby/gems/3.0.0/gems/railties-6.1.4.1/lib/rails/templates/rails/welcome/index.html.erb
Started GET "/" for ::1 at 2021-12-11 11:25:40 -0400
Processing by Rails::WelcomeController#index as HTML
  Rendering C:/Ruby30-x64/lib/ruby/gems/3.0.0/gems/railties-6.1.4.1/lib/rails/templates/rails/welcome/index.html.erb
  Rendered C:/Ruby30-x64/lib/ruby/gems/3.0.0/gems/railties-6.1.4.1/lib/rails/templates/rails/welcome/index.html.erb (Duration: 988.4ms | Allocations: 279)
Completed 200 OK in 1004ms (Views: 1001.9ms | ActiveRecord: 0.0ms | Allocations: 1344)


  Rendered C:/Ruby30-x64/lib/ruby/gems/3.0.0/gems/railties-6.1.4.1/lib/rails/templates/rails/welcome/index.html.erb (Duration: 1121.4ms | Allocations: 2558)
Completed 200 OK in 1365ms (Views: 1191.3ms | ActiveRecord: 0.0ms | Allocations: 7312)


Started GET "/favicon.ico" for ::1 at 2021-12-11 11:25:48 -0400
  
ActionController::RoutingError (No route matches [GET] "/favicon.ico"):
  
Started GET "/menbers-data" for ::1 at 2021-12-11 11:26:26 -0400
  
ActionController::RoutingError (No route matches [GET] "/menbers-data"):
  
Started GET "/fefae" for ::1 at 2021-12-11 11:26:38 -0400
  
ActionController::RoutingError (No route matches [GET] "/fefae"):
  
Started GET "/member-data" for ::1 at 2021-12-11 11:27:09 -0400
  
ActionController::RoutingError (uninitialized constant MembersController):
  
Started GET "/member-data" for ::1 at 2021-12-11 11:27:12 -0400
  
ActionController::RoutingError (uninitialized constant MembersController):
  
Started GET "/member-data" for ::1 at 2021-12-11 11:31:11 -0400
  
ActionController::RoutingError (uninitialized constant MembersController):
  
Started GET "/fefae" for ::1 at 2021-12-11 11:32:56 -0400
  
ActionController::RoutingError (No route matches [GET] "/fefae"):
  
Started GET "/member-data" for ::1 at 2021-12-11 11:33:00 -0400
  
ActionController::RoutingError (uninitialized constant MembersController
Did you mean?  MenbersController):
  
Started GET "/member-data" for ::1 at 2021-12-11 11:33:02 -0400
  
ActionController::RoutingError (uninitialized constant MembersController
Did you mean?  MenbersController):
  
Started GET "/" for ::1 at 2021-12-11 11:34:33 -0400
Processing by Rails::WelcomeController#index as HTML
  Rendering C:/Ruby30-x64/lib/ruby/gems/3.0.0/gems/railties-6.1.4.1/lib/rails/templates/rails/welcome/index.html.erb
  Rendered C:/Ruby30-x64/lib/ruby/gems/3.0.0/gems/railties-6.1.4.1/lib/rails/templates/rails/welcome/index.html.erb (Duration: 0.4ms | Allocations: 13)
Completed 200 OK in 5ms (Views: 3.3ms | Allocations: 371)


Started GET "/menber-data" for ::1 at 2021-12-11 11:34:44 -0400
  
ActionController::RoutingError (No route matches [GET] "/menber-data"):
  
Started GET "/member-data" for ::1 at 2021-12-11 11:35:14 -0400
  
ActionController::RoutingError (uninitialized constant MembersController
Did you mean?  MenbersController):
  
Started GET "/member-data" for ::1 at 2021-12-11 11:36:18 -0400
Processing by MembersController#show as HTML
Completed 401 Unauthorized in 88ms (Allocations: 1151)


Started GET "/users/sign_in" for ::1 at 2021-12-11 11:36:19 -0400
Processing by Users::SessionsController#new as HTML
Completed 200 OK in 647ms (Views: 0.3ms | ActiveRecord: 374.0ms | Allocations: 7765)


Started GET "/users/sign_in" for ::1 at 2021-12-11 11:36:28 -0400
Processing by Users::SessionsController#new as HTML
Completed 200 OK in 1ms (Views: 0.2ms | ActiveRecord: 0.0ms | Allocations: 305)


Started GET "/users/sign_in" for ::1 at 2021-12-11 11:36:29 -0400
Processing by Users::SessionsController#new as HTML
Completed 200 OK in 1ms (Views: 0.2ms | ActiveRecord: 0.0ms | Allocations: 287)


Started GET "/users/sign_in" for ::1 at 2021-12-11 11:36:58 -0400
Processing by Users::SessionsController#new as */*
Completed 200 OK in 5ms (Views: 0.3ms | ActiveRecord: 0.0ms | Allocations: 285)


Started GET "/users/sign_in" for ::1 at 2021-12-11 11:37:07 -0400
Processing by Users::SessionsController#new as */*
Completed 200 OK in 1ms (Views: 0.2ms | ActiveRecord: 0.0ms | Allocations: 283)


Started GET "/users/sign_in" for ::1 at 2021-12-11 11:37:10 -0400
Processing by Users::SessionsController#new as */*
Completed 200 OK in 31ms (Views: 0.2ms | ActiveRecord: 0.0ms | Allocations: 288)


Started GET "/users/sign_in" for ::1 at 2021-12-11 11:37:12 -0400
Processing by Users::SessionsController#new as */*
Completed 200 OK in 1ms (Views: 0.2ms | ActiveRecord: 0.0ms | Allocations: 283)


Started GET "/menber-data" for ::1 at 2021-12-11 11:37:26 -0400
  
ActionController::RoutingError (No route matches [GET] "/menber-data"):
  
Started GET "/member-data" for ::1 at 2021-12-11 11:37:32 -0400
Processing by MembersController#show as HTML
Completed 401 Unauthorized in 0ms (ActiveRecord: 0.0ms | Allocations: 67)


Started GET "/users/sign_in" for ::1 at 2021-12-11 11:37:32 -0400
Processing by Users::SessionsController#new as HTML
Completed 200 OK in 1ms (Views: 0.2ms | ActiveRecord: 0.0ms | Allocations: 278)


Started GET "/users/sign_in" for ::1 at 2021-12-11 11:38:39 -0400
Processing by Users::SessionsController#new as HTML
Completed 200 OK in 21ms (Views: 0.2ms | ActiveRecord: 10.7ms | Allocations: 4252)


Started GET "/hello" for ::1 at 2021-12-11 11:38:53 -0400
  
ActionController::RoutingError (No route matches [GET] "/hello"):
  
Started GET "/member-data" for ::1 at 2021-12-11 11:38:57 -0400
Processing by MembersController#show as HTML
Completed 401 Unauthorized in 0ms (ActiveRecord: 0.0ms | Allocations: 121)


Started GET "/users/sign_in" for ::1 at 2021-12-11 11:38:57 -0400
Processing by Users::SessionsController#new as HTML
Completed 200 OK in 1ms (Views: 0.2ms | ActiveRecord: 0.0ms | Allocations: 348)


Started GET "/menber-data" for ::1 at 2021-12-11 12:08:39 -0400
  
ActionController::RoutingError (No route matches [GET] "/menber-data"):
  
Started GET "/member-data" for ::1 at 2021-12-11 12:08:43 -0400
Processing by MembersController#show as HTML
Completed 401 Unauthorized in 1ms (Allocations: 56)


Started GET "/users/sign_in" for ::1 at 2021-12-11 12:08:43 -0400
Processing by Users::SessionsController#new as HTML
Completed 200 OK in 1ms (Views: 0.4ms | Allocations: 275)


Started GET "/menber-data" for ::1 at 2021-12-11 12:09:10 -0400
  
ActionController::RoutingError (No route matches [GET] "/menber-data"):
  
Started GET "/menber-data" for ::1 at 2021-12-11 12:09:11 -0400
  
ActionController::RoutingError (No route matches [GET] "/menber-data"):
  
Started GET "/member-data" for ::1 at 2021-12-11 12:09:25 -0400
Processing by MembersController#show as */*
Completed 401 Unauthorized in 0ms (Allocations: 56)


Started GET "/users/sign_in" for ::1 at 2021-12-11 12:09:25 -0400
Processing by Users::SessionsController#new as */*
Completed 200 OK in 1ms (Views: 0.2ms | Allocations: 280)


Started GET "/member-data" for ::1 at 2021-12-11 12:09:26 -0400
Processing by MembersController#show as */*
Completed 401 Unauthorized in 0ms (Allocations: 56)


Started GET "/users/sign_in" for ::1 at 2021-12-11 12:09:26 -0400
Processing by Users::SessionsController#new as */*
Completed 200 OK in 1ms (Views: 0.2ms | Allocations: 280)


Started GET "/menber-data" for ::1 at 2021-12-11 12:53:28 -0400
  
ActionController::RoutingError (No route matches [GET] "/menber-data"):
  
Started GET "/member-data" for ::1 at 2021-12-11 12:53:40 -0400
  
SyntaxError (C:/Users/Leonador-PC/Car_Hub_backend/app/controllers/members_controller.rb:9: syntax error, unexpected end-of-input, expecting `end'):
  
app/controllers/members_controller.rb:9: syntax error, unexpected end-of-input, expecting `end'
app/controllers/members_controller.rb:9: syntax error, unexpected end-of-input, expecting `end'
Started GET "/member-data" for ::1 at 2021-12-11 12:53:53 -0400
Processing by MembersController#show as HTML
Completed 200 OK in 1ms (Views: 0.4ms | Allocations: 290)


Started GET "/member-data" for ::1 at 2021-12-11 14:21:53 -0400
Processing by MembersController#show as */*
Completed 200 OK in 7ms (Views: 1.7ms | Allocations: 140)


